{"uuid":"e7eeb5ef-a669-4f6b-a161-3521a04be141","historyId":"d19513e8fbb41f890f2a5ff9b6657d88","fullName":"io.cucumber.testng.AbstractTestNGCucumberTests.runScenario","labels":[{"name":"package","value":"parallel.ParallelRun"},{"name":"testClass","value":"parallel.ParallelRun"},{"name":"testMethod","value":"runScenario"},{"name":"parentSuite","value":"Default suite"},{"name":"suite","value":"Default test"},{"name":"subSuite","value":"parallel.ParallelRun"},{"name":"host","value":"DESKTOP-PT7ORMM"},{"name":"thread","value":"28992@DESKTOP-PT7ORMM.main(1)"},{"name":"framework","value":"testng"},{"name":"language","value":"java"}],"links":[],"name":"Runs Cucumber Scenarios","status":"broken","statusDetails":{"known":false,"muted":false,"flaky":false,"message":"java.util.concurrent.ExecutionException: java.lang.ArrayIndexOutOfBoundsException: Index -1 out of bounds for length 10","trace":"org.testng.TestNGException: java.util.concurrent.ExecutionException: java.lang.ArrayIndexOutOfBoundsException: Index -1 out of bounds for length 10\r\n\tat org.testng.internal.PoolService.submitTasksAndWait(PoolService.java:53)\r\n\tat org.testng.internal.Invoker.invokeTestMethods(Invoker.java:969)\r\n\tat org.testng.internal.TestMethodWorker.invokeTestMethods(TestMethodWorker.java:125)\r\n\tat org.testng.internal.TestMethodWorker.run(TestMethodWorker.java:109)\r\n\tat org.testng.TestRunner.privateRun(TestRunner.java:648)\r\n\tat org.testng.TestRunner.run(TestRunner.java:505)\r\n\tat org.testng.SuiteRunner.runTest(SuiteRunner.java:455)\r\n\tat org.testng.SuiteRunner.runSequentially(SuiteRunner.java:450)\r\n\tat org.testng.SuiteRunner.privateRun(SuiteRunner.java:415)\r\n\tat org.testng.SuiteRunner.run(SuiteRunner.java:364)\r\n\tat org.testng.SuiteRunnerWorker.runSuite(SuiteRunnerWorker.java:52)\r\n\tat org.testng.SuiteRunnerWorker.run(SuiteRunnerWorker.java:84)\r\n\tat org.testng.TestNG.runSuitesSequentially(TestNG.java:1208)\r\n\tat org.testng.TestNG.runSuitesLocally(TestNG.java:1137)\r\n\tat org.testng.TestNG.runSuites(TestNG.java:1049)\r\n\tat org.testng.TestNG.run(TestNG.java:1017)\r\n\tat org.testng.remote.AbstractRemoteTestNG.run(AbstractRemoteTestNG.java:114)\r\n\tat org.testng.remote.RemoteTestNG.initAndRun(RemoteTestNG.java:251)\r\n\tat org.testng.remote.RemoteTestNG.main(RemoteTestNG.java:77)\r\nCaused by: java.util.concurrent.ExecutionException: java.lang.ArrayIndexOutOfBoundsException: Index -1 out of bounds for length 10\r\n\tat java.base/java.util.concurrent.FutureTask.report(FutureTask.java:122)\r\n\tat java.base/java.util.concurrent.FutureTask.get(FutureTask.java:191)\r\n\tat org.testng.internal.PoolService.submitTasksAndWait(PoolService.java:51)\r\n\t... 18 more\r\nCaused by: java.lang.ArrayIndexOutOfBoundsException: Index -1 out of bounds for length 10\r\n\tat java.base/java.util.ArrayList.fastRemove(ArrayList.java:673)\r\n\tat java.base/java.util.ArrayList.remove(ArrayList.java:660)\r\n\tat org.testng.internal.ConfigurationGroupMethods.isLastMethodForGroup(ConfigurationGroupMethods.java:82)\r\n\tat org.testng.internal.Invoker.invokeAfterGroupsConfigurations(Invoker.java:777)\r\n\tat org.testng.internal.Invoker.invokeMethod(Invoker.java:648)\r\n\tat org.testng.internal.Invoker.invokeTestMethod(Invoker.java:716)\r\n\tat org.testng.internal.TestMethodWithDataProviderMethodWorker.call(TestMethodWithDataProviderMethodWorker.java:71)\r\n\tat org.testng.internal.TestMethodWithDataProviderMethodWorker.call(TestMethodWithDataProviderMethodWorker.java:14)\r\n\tat java.base/java.util.concurrent.FutureTask.run(FutureTask.java:264)\r\n\tat java.base/java.util.concurrent.Executors$RunnableAdapter.call(Executors.java:515)\r\n\tat java.base/java.util.concurrent.FutureTask.run(FutureTask.java:264)\r\n\tat java.base/java.util.concurrent.ThreadPoolExecutor.runWorker(ThreadPoolExecutor.java:1128)\r\n\tat java.base/java.util.concurrent.ThreadPoolExecutor$Worker.run(ThreadPoolExecutor.java:628)\r\n\tat java.base/java.lang.Thread.run(Thread.java:834)\r\n"},"stage":"finished","steps":[],"attachments":[],"parameters":[],"start":1647430960673,"stop":1647430960673}